v8-version,8,4,371,19,-node.16,0
new,CodeRange,0x818cdc6b000,134217728
new,MemoryChunk,0x1b11b6840000,262144
new,MemoryChunk,0x1b11784c0000,262144
new,MemoryChunk,0x1b118c7c0000,262144
new,MemoryChunk,0x1b1156f00000,262144
new,MemoryChunk,0x1b1100240000,262144
heap-capacity,1047424
heap-available,4346193664
new,MemoryChunk,0x1b11a4d40000,262144
new,MemoryChunk,0x818cdc80000,262144
new,MemoryChunk,0x1b119b0c0000,262144
new,MemoryChunk,0x1b1193700000,262144
new,MemoryChunk,0x1b11c5880000,262144
new,MemoryChunk,0x1b11c1240000,262144
new,MemoryChunk,0x818cdcc0000,262144
new,MemoryChunk,0x1b11826c0000,262144
new,MemoryChunk,0x1b1138d00000,262144
new,MemoryChunk,0x1b118fcc0000,262144
new,MemoryChunk,0x1b1170400000,135168
new,MemoryChunk,0x1b1127340000,262144
new,MemoryChunk,0x1b1162d40000,262144
new,MemoryChunk,0x1b11cfb40000,262144
new,MemoryChunk,0x1b11e3a00000,262144
scavenge,begin,0,44181,1602779255854
scavenge,end,0,45041,1602779255855
new,MemoryChunk,0x1b118eb40000,262144
new,MemoryChunk,0x1b11a3100000,262144
new,MemoryChunk,0x1b11974c0000,262144
scavenge,begin,0,63432,1602779255881
new,MemoryChunk,0x1b11b7480000,262144
new,MemoryChunk,0x1b1183a80000,262144
new,MemoryChunk,0x1b11e2cc0000,262144
new,MemoryChunk,0x1b116ee40000,262144
scavenge,end,0,64571,1602779255882
new,MemoryChunk,0x1b1121340000,262144
